<html>
<head>
<title>TestNG:  InSightTest Test Cases4</title>
<link href="../testng.css" rel="stylesheet" type="text/css" />
<link href="../my-testng.css" rel="stylesheet" type="text/css" />

<style type="text/css">
.log { display: none;} 
.stack-trace { display: none;} 
</style>
<script type="text/javascript">
<!--
function flip(e) {
  current = e.style.display;
  if (current == 'block') {
    e.style.display = 'none';
    return 0;
  }
  else {
    e.style.display = 'block';
    return 1;
  }
}

function toggleBox(szDivId, elem, msg1, msg2)
{
  var res = -1;  if (document.getElementById) {
    res = flip(document.getElementById(szDivId));
  }
  else if (document.all) {
    // this is the way old msie versions work
    res = flip(document.all[szDivId]);
  }
  if(elem) {
    if(res == 0) elem.innerHTML = msg1; else elem.innerHTML = msg2;
  }

}

function toggleAllBoxes() {
  if (document.getElementsByTagName) {
    d = document.getElementsByTagName('div');
    for (i = 0; i < d.length; i++) {
      if (d[i].className == 'log') {
        flip(d[i]);
      }
    }
  }
}

// -->
</script>

</head>
<body>
<h2 align='center'>InSightTest Test Cases4</h2><table border='1' align="center">
<tr>
<td>Tests passed/Failed/Skipped:</td><td>23/1/0</td>
</tr><tr>
<td>Started on:</td><td>Wed Dec 01 18:07:14 IST 2021</td>
</tr>
<tr><td>Total time:</td><td>986 seconds (986130 ms)</td>
</tr><tr>
<td>Included groups:</td><td></td>
</tr><tr>
<td>Excluded groups:</td><td></td>
</tr>
</table><p/>
<small><i>(Hover the method name to see the test class name)</i></small><p/>
<table width='100%' border='1' class='invocation-failed'>
<tr><td colspan='4' align='center'><b>FAILED TESTS</b></td></tr>
<tr><td><b>Test method</b></td>
<td width="30%"><b>Exception</b></td>
<td width="10%"><b>Time (seconds)</b></td>
<td><b>Instance</b></td>
</tr>
<tr>
<td title='testcases.SubcontractorPageTest.AddSubcontracorDropdownVerification()'><b>AddSubcontracorDropdownVerification</b><br>Test class: testcases.SubcontractorPageTest<br>Test method: Add Subcontractor Dropdown Verification<br>Parameters: 03192021 Company: 564!1Automation Subcontractor 1-DO NOT TOUCH: Missing!Allstate Striping & Sealing Co: Missing!Bala Con T1 Entity#2: BALAT1-002!CentiMark Corporation: Missing!Comapany 2: Missing!D.E. Alston Enterprises LLC: Missing!Estime Enterprises, Inc: Missing!G&M Services LLC: Missing!Hauling Unlimited, LLC: Missing!IN-1884 Subcontractor Tier 1: 1884!Jay & Los Transport, LLC: Missing!Kara Test: C#3455555!Late Starter Sub: Missing!May Branch Test: Missing!Midwest Mole, Inc.: Missing!New Q3 Automation Subcontractor 10062021: 12347878!New Subcontractor: Missing!Oklahoma Sub: Missing!Pipefitters Inc: Missing!Q3 Tier 2 Subcontractor: Missing!RE Lee Electric Co, Inc. : Missing!S1New: Missing!Tawakal Transportation LLC: Missing!Test Tier 2: Missing!Union Sub: Missing!Vision Technologies, Inc.: Missing!White Car Sub: Missing!XYZ Company : Missing!YM Tier 2 Sub: Missing!Z-Best Wallcoverings, Inc.: Missing!, Contractor!Supplier, Select One!American Indian or Alaska Native!Asian!Test Delete Me!Black or African American!Hispanic or Latino!Native Hawaiian or Other Pacific Islander!Two or More Races!White!I Decline to Identify!White - Not Hispanic or Latino, Select One!I Decline to Identify!Female!Male, Select one!United States!Canada, Select one!AL!AK!AR!AZ!CA!CO!CT!DC!DE!FL!GA!GU!HI!IA!ID!IL!IN!KS!KY!LA!MA!MD!ME!MI!MN!MO!MP!MS!MT!NC!ND!NE!NH!NJ!NM!NV!NY!OH!OK!OR!PA!PR!RI!SC!SD!TN!TX!UT!VA!VI!VT!WA!WI!WV!WY, Select one...!Corporate Office!Owner's Residence!Site Office, Select one!AB!BC!MB!NB!NL!NS!NT!NU!ON!PE!QC!SK!YT, Comp Code 1, Air Barrier!Appliances!Below Grade Waterproofing!Bike Racks!Building & Concrete!Carpet!Commissioning Consultant!Concrete!Decorative Metals!Demo!Demo/Drywall/Finishes!Doors, Frames and Hardware!Dry Utilities!Drywall!Electrical!Elevators!Excavation!Exterior Stone!Fabric Wall Panels!Facade Access Equipment!Fire Proofing!Fire Protection!Fluid Applied Flooring!Future Wet Utilities!Garage and Loading Dock Doors!Garage Striping!Glass & Glazing!GMP - Roofing & Pave!Hoist Operator!Interior Glazing!Landscape Arch Services!Loading Doc Equipment!Lockers!Louvers!Masonry!Mass Timber!Mechanical!Mechanical & Plumbing!Millwork!Overhead Doors!Parking Equipment!Pedestrian Signal!Polished Concrete!Preconstruction Photography!RC Hoist!Resilient Flooring!Rough Carpentry!Scaffolding!Shades!Signage!Site Security: Camera!SOE & Dewatering!Structural Engineering & Consulting!Structural Steel!Surveying!Temp Striping!Temporary Fencing!Temporary Power!Terrace Planting!Terrace Precast!Third Party Monitoring!Tile!Toilet Compartments!Traffic Signal!Wet Utilities!Wire Mesh Partitions!Aggregate Supplier!Asphalt!AV Low Voltage!Caulking & Glazing!Cleaning!Concrete/Asphalt Cutting!Crane Operator!Fencing - Temp or Perm!Food Service Equipment!Fuel!Insulation!Lease Order!Low Voltage!Paint!Professional Services!Reinforcing Concrete!Sanitary Services!Site Security!Site Services!Sound Proofing!Tree Removal!Waterproofing!Wall Coverings, Select One!Women Worker Hours!Local Business Participation!Biz Entity Participation All Deep, Select...!Broker!Dealer!Manufacturer, Select Type!8(a) - 8(a) Small Business Enterprise!SBE - Small Business Enterprise!DBE - Disadvantaged Business Enterprise!WBE - Woman Business Enterprise!MBE - Mortenson Prod!SBE - Mortenson Prod!DBE - Mortenson Prod!MBE - Minority Business Enterprise!DC: CBE (Certified Business Enterprise)!DC: LBE (Local Business Enterprise)!DC: DBE (Disadvantaged Business Enterprise)!DC: LRB (Longtime Resident Business)!DC: VOB (Veteran Owned Business)!DC: SBE (Small Business Enterprise)!SDV - Service Disabled Business Enterprise, Select State!AL!AK!AR!AZ!CA!CO!CT!DC!DE!FL!GA!GU!HI!IA!ID!IL!IN!KS!KY!LA!MA!MD!ME!MI!MN!MO!MP!MS!MT!NC!ND!NE!NH!NJ!NM!NV!NY!OH!OK!OR!PA!PR!RI!SC!SD!TN!TX!UT!VA!VI!VT!WA!WI!WV!WY, Dashboard
Read Only
ProjectDetails
Read Only
SubcontractorMgmt
Read Only
EmployeeMgmt
Read Only
PayrollEntry
Read Only
ManhourEntry
Read Only
ArchiveWH347
Read Only
ArchiveDailyReport
Read Only
SpendTracker
Read Only
Reporting
Payroll Summary
CRIO Employee Summary - Daily Tracking
Employees with Hours, Rates & Wages - Period End Day
Employees with Hours, Rates & Wages - Per Day
Mortenson UW Monthly Subcontractors1
Mortenson UW Worker Utilization1
Copy of Mortonson UW Monthly Subcontractors
Goal Attainment Download1
Hampton Roads C-57 EEO Report1
Contact List
NTW Submission Check
Employees in Payroll with Demographics (B)1
Payroll-347 Status Report1
Branded Report Template
Project Employees with Rates and Wages Per Day (B)1
Project Employees with Rates and Wages Period End (B)1
Contractor List1
Business Tracking Payments Summary Standard
Settings
Read Only
WH347Generation
Read Only
WorkClasses
Read Only
Signed Lien Waiver
Read Only
VVF Archive
Read Only
FESA
Read Only
App Prog Submission
Read Only
PaymentEntry
Read Only
GoalAttainment
Read Only
Test Custom 5
Read Only
Test Custom 6
Read Only</td>
<td><div><pre>org.openqa.selenium.StaleElementReferenceException: stale element reference: element is not attached to the page document
  (Session info: chrome=96.0.4664.45)
For documentation on this error, please visit: https://www.seleniumhq.org/exceptions/stale_element_reference.html
Build info: version: &apos;3.141.59&apos;, revision: &apos;e82be7d358&apos;, time: &apos;2018-11-14T08:17:03&apos;
System info: host: &apos;TEST&apos;, ip: &apos;192.168.38.8&apos;, os.name: &apos;Windows 8.1&apos;, os.arch: &apos;amd64&apos;, os.version: &apos;6.3&apos;, java.version: &apos;1.8.0_51&apos;
Driver info: org.openqa.selenium.chrome.ChromeDriver
Capabilities {acceptInsecureCerts: false, browserName: chrome, browserVersion: 96.0.4664.45, chrome: {chromedriverVersion: 96.0.4664.45 (76e4c1bb2ab46..., userDataDir: C:\Users\prince\AppData\Loc...}, goog:chromeOptions: {debuggerAddress: localhost:62965}, javascriptEnabled: true, networkConnectionEnabled: false, pageLoadStrategy: normal, platform: WINDOWS, platformName: WINDOWS, proxy: Proxy(), setWindowRect: true, strictFileInteractability: false, timeouts: {implicit: 0, pageLoad: 300000, script: 30000}, unhandledPromptBehavior: dismiss and notify, webauthn:extension:credBlob: true, webauthn:extension:largeBlob: true, webauthn:virtualAuthenticators: true}
Session ID: 9444e0df60bfd9cabb4cda2ac4552757
	at org.openqa.selenium.remote.http.W3CHttpResponseCodec.createException(W3CHttpResponseCodec.java:187)
	at org.openqa.selenium.remote.http.W3CHttpResponseCodec.decode(W3CHttpResponseCodec.java:122)
	at org.openqa.selenium.remote.http.W3CHttpResponseCodec.decode(W3CHttpResponseCodec.java:49)
	at org.openqa.selenium.remote.HttpCommandExecutor.execute(HttpCommandExecutor.java:158)
	at org.openqa.selenium.remote.service.DriverCommandExecutor.execute(DriverCommandExecutor.java:83)
	at org.openqa.selenium.remote.RemoteWebDriver.execute(RemoteWebDriver.java:552)
	at org.openqa.selenium.remote.RemoteWebElement.execute(RemoteWebElement.java:285)
	at org.openqa.selenium.remote.RemoteWebElement.click(RemoteWebElement.java:84)
	at org.openqa.selenium.support.events.EventFiringWebDriver$EventFiringWebElement.lambda$new$0(EventFiringWebDriver.java:404)
	at org.openqa.selenium.support.events.EventFiringWebDriver$EventFiringWebElement$$Lambda$212/643489709.invoke(Unknown Source)
	at com.sun.proxy.$Proxy14.click(Unknown Source)
	at org.openqa.selenium.support.events.EventFiringWebDriver$EventFiringWebElement.click(EventFiringWebDriver.java:417)
	at org.openqa.selenium.support.pagefactory.internal.LocatingElementHandler.invoke(LocatingElementHandler.java:51)
	at com.sun.proxy.$Proxy13.click(Unknown Source)
	at pages.SubcontractorPage.AddSubcontractorDDNVerification(SubcontractorPage.java:1150)
	at testcases.SubcontractorPageTest.AddSubcontracorDropdownVerification(SubcontractorPageTest.java:204)
... Removed 34 stack frames</pre></div><a href='#' onClick='toggleBox("stack-trace342621205", this, "Click to show all stack frames", "Click to hide stack frames")'>Click to show all stack frames</a>
<div class='stack-trace' id='stack-trace342621205'><pre>org.openqa.selenium.StaleElementReferenceException: stale element reference: element is not attached to the page document
  (Session info: chrome=96.0.4664.45)
For documentation on this error, please visit: https://www.seleniumhq.org/exceptions/stale_element_reference.html
Build info: version: &apos;3.141.59&apos;, revision: &apos;e82be7d358&apos;, time: &apos;2018-11-14T08:17:03&apos;
System info: host: &apos;TEST&apos;, ip: &apos;192.168.38.8&apos;, os.name: &apos;Windows 8.1&apos;, os.arch: &apos;amd64&apos;, os.version: &apos;6.3&apos;, java.version: &apos;1.8.0_51&apos;
Driver info: org.openqa.selenium.chrome.ChromeDriver
Capabilities {acceptInsecureCerts: false, browserName: chrome, browserVersion: 96.0.4664.45, chrome: {chromedriverVersion: 96.0.4664.45 (76e4c1bb2ab46..., userDataDir: C:\Users\prince\AppData\Loc...}, goog:chromeOptions: {debuggerAddress: localhost:62965}, javascriptEnabled: true, networkConnectionEnabled: false, pageLoadStrategy: normal, platform: WINDOWS, platformName: WINDOWS, proxy: Proxy(), setWindowRect: true, strictFileInteractability: false, timeouts: {implicit: 0, pageLoad: 300000, script: 30000}, unhandledPromptBehavior: dismiss and notify, webauthn:extension:credBlob: true, webauthn:extension:largeBlob: true, webauthn:virtualAuthenticators: true}
Session ID: 9444e0df60bfd9cabb4cda2ac4552757
	at sun.reflect.NativeConstructorAccessorImpl.newInstance0(Native Method)
	at sun.reflect.NativeConstructorAccessorImpl.newInstance(Unknown Source)
	at sun.reflect.DelegatingConstructorAccessorImpl.newInstance(Unknown Source)
	at java.lang.reflect.Constructor.newInstance(Unknown Source)
	at org.openqa.selenium.remote.http.W3CHttpResponseCodec.createException(W3CHttpResponseCodec.java:187)
	at org.openqa.selenium.remote.http.W3CHttpResponseCodec.decode(W3CHttpResponseCodec.java:122)
	at org.openqa.selenium.remote.http.W3CHttpResponseCodec.decode(W3CHttpResponseCodec.java:49)
	at org.openqa.selenium.remote.HttpCommandExecutor.execute(HttpCommandExecutor.java:158)
	at org.openqa.selenium.remote.service.DriverCommandExecutor.execute(DriverCommandExecutor.java:83)
	at org.openqa.selenium.remote.RemoteWebDriver.execute(RemoteWebDriver.java:552)
	at org.openqa.selenium.remote.RemoteWebElement.execute(RemoteWebElement.java:285)
	at org.openqa.selenium.remote.RemoteWebElement.click(RemoteWebElement.java:84)
	at sun.reflect.GeneratedMethodAccessor9.invoke(Unknown Source)
	at sun.reflect.DelegatingMethodAccessorImpl.invoke(Unknown Source)
	at java.lang.reflect.Method.invoke(Unknown Source)
	at org.openqa.selenium.support.events.EventFiringWebDriver$EventFiringWebElement.lambda$new$0(EventFiringWebDriver.java:404)
	at org.openqa.selenium.support.events.EventFiringWebDriver$EventFiringWebElement$$Lambda$212/643489709.invoke(Unknown Source)
	at com.sun.proxy.$Proxy14.click(Unknown Source)
	at org.openqa.selenium.support.events.EventFiringWebDriver$EventFiringWebElement.click(EventFiringWebDriver.java:417)
	at sun.reflect.GeneratedMethodAccessor9.invoke(Unknown Source)
	at sun.reflect.DelegatingMethodAccessorImpl.invoke(Unknown Source)
	at java.lang.reflect.Method.invoke(Unknown Source)
	at org.openqa.selenium.support.pagefactory.internal.LocatingElementHandler.invoke(LocatingElementHandler.java:51)
	at com.sun.proxy.$Proxy13.click(Unknown Source)
	at pages.SubcontractorPage.AddSubcontractorDDNVerification(SubcontractorPage.java:1150)
	at testcases.SubcontractorPageTest.AddSubcontracorDropdownVerification(SubcontractorPageTest.java:204)
	at sun.reflect.NativeMethodAccessorImpl.invoke0(Native Method)
	at sun.reflect.NativeMethodAccessorImpl.invoke(Unknown Source)
	at sun.reflect.DelegatingMethodAccessorImpl.invoke(Unknown Source)
	at java.lang.reflect.Method.invoke(Unknown Source)
	at org.testng.internal.MethodInvocationHelper.invokeMethod(MethodInvocationHelper.java:80)
	at org.testng.internal.Invoker.invokeMethod(Invoker.java:714)
	at org.testng.internal.Invoker.invokeTestMethod(Invoker.java:901)
	at org.testng.internal.Invoker.invokeTestMethods(Invoker.java:1231)
	at org.testng.internal.TestMethodWorker.invokeTestMethods(TestMethodWorker.java:127)
	at org.testng.internal.TestMethodWorker.run(TestMethodWorker.java:111)
	at org.testng.TestRunner.privateRun(TestRunner.java:767)
	at org.testng.TestRunner.run(TestRunner.java:617)
	at org.testng.SuiteRunner.runTest(SuiteRunner.java:334)
	at org.testng.SuiteRunner.runSequentially(SuiteRunner.java:329)
	at org.testng.SuiteRunner.privateRun(SuiteRunner.java:291)
	at org.testng.SuiteRunner.run(SuiteRunner.java:240)
	at org.testng.SuiteRunnerWorker.runSuite(SuiteRunnerWorker.java:52)
	at org.testng.SuiteRunnerWorker.run(SuiteRunnerWorker.java:86)
	at org.testng.TestNG.runSuitesSequentially(TestNG.java:1198)
	at org.testng.TestNG.runSuitesLocally(TestNG.java:1123)
	at org.testng.TestNG.run(TestNG.java:1031)
	at org.testng.remote.AbstractRemoteTestNG.run(AbstractRemoteTestNG.java:115)
	at org.testng.remote.RemoteTestNG.initAndRun(RemoteTestNG.java:251)
	at org.testng.remote.RemoteTestNG.main(RemoteTestNG.java:77)
</pre></div></td>
<td>7</td>
<td>testcases.SubcontractorPageTest@3632be31</td></tr>
</table><p>
<table width='100%' border='1' class='invocation-passed'>
<tr><td colspan='4' align='center'><b>PASSED TESTS</b></td></tr>
<tr><td><b>Test method</b></td>
<td width="30%"><b>Exception</b></td>
<td width="10%"><b>Time (seconds)</b></td>
<td><b>Instance</b></td>
</tr>
<tr>
<td title='testcases.SubcontractorPageTest.AddNewSubcontractor()'><b>AddNewSubcontractor</b><br>Test class: testcases.SubcontractorPageTest<br>Test method: Subcontractors Page: Add Subcontractor<br>Parameters: 123-36-3164, New Automation Test SubcontractorDecember2021, 5467899, Supplier, Black or African American, Female, 01/01/2019, 01/01/2022, 2121  Hidden Valley Road, , lebanan, United States, PA, 17042, 01/01/2005, Site Office, 1544 Water Street, , Kitchener, Canada, ON, N2H 5A5, 01/01/2015, Corporate Office, 5000000, 50, Comp Code 1, Carpet,Appliances, Biz Entity Participation All Deep, 60, Local Business Participation, 70, Dealer, 60, SBE - Small Business Enterprise, FL, 142848, 01/01/2021, 12/28/2021, dsubt1@orchid-software.com, Tier1, Q3 Subcontractor, QAAnalyst, 124-452-478, dsubt1@orchid-software.com, Password, Password</td>
<td></td>
<td>157</td>
<td>testcases.SubcontractorPageTest@3632be31</td></tr>
<tr>
<td title='testcases.SubcontractorPageTest.ContractorsPrime()'><b>ContractorsPrime</b><br>Test class: testcases.SubcontractorPageTest<br>Test method: Subcontractors Page:Contractors Prime Value Test</td>
<td></td>
<td>27</td>
<td>testcases.SubcontractorPageTest@3632be31</td></tr>
<tr>
<td title='testcases.SubcontractorPageTest.DefaultAddressType()'><b>DefaultAddressType</b><br>Test class: testcases.SubcontractorPageTest<br>Test method: Subcontractors Page:Default Address Type Value Test</td>
<td></td>
<td>8</td>
<td>testcases.SubcontractorPageTest@3632be31</td></tr>
<tr>
<td title='testcases.SubcontractorPageTest.DefaultAddressbutton1()'><b>DefaultAddressbutton1</b><br>Test class: testcases.SubcontractorPageTest<br>Test method: Subcontractors Page:Address Add button name Test</td>
<td></td>
<td>6</td>
<td>testcases.SubcontractorPageTest@3632be31</td></tr>
<tr>
<td title='testcases.SubcontractorPageTest.DefaultAddressbutton2()'><b>DefaultAddressbutton2</b><br>Test class: testcases.SubcontractorPageTest<br>Test method: Subcontractors Page:Address Cancel button name Test</td>
<td></td>
<td>8</td>
<td>testcases.SubcontractorPageTest@3632be31</td></tr>
<tr>
<td title='testcases.SubcontractorPageTest.DefaultContractorType()'><b>DefaultContractorType</b><br>Test class: testcases.SubcontractorPageTest<br>Test method: Subcontractors Page:Default Contractor Type Value Test</td>
<td></td>
<td>6</td>
<td>testcases.SubcontractorPageTest@3632be31</td></tr>
<tr>
<td title='testcases.SubcontractorPageTest.DefaultCountry()'><b>DefaultCountry</b><br>Test class: testcases.SubcontractorPageTest<br>Test method: Subcontractors Page:Default Country Value Test</td>
<td></td>
<td>9</td>
<td>testcases.SubcontractorPageTest@3632be31</td></tr>
<tr>
<td title='testcases.SubcontractorPageTest.DefaultEthnicity()'><b>DefaultEthnicity</b><br>Test class: testcases.SubcontractorPageTest<br>Test method: Subcontractors Page:Default Ethnicity Value Test</td>
<td></td>
<td>7</td>
<td>testcases.SubcontractorPageTest@3632be31</td></tr>
<tr>
<td title='testcases.SubcontractorPageTest.DefaultGender()'><b>DefaultGender</b><br>Test class: testcases.SubcontractorPageTest<br>Test method: Subcontractors Page:Default Gender Value Test</td>
<td></td>
<td>9</td>
<td>testcases.SubcontractorPageTest@3632be31</td></tr>
<tr>
<td title='testcases.SubcontractorPageTest.DefaultState()'><b>DefaultState</b><br>Test class: testcases.SubcontractorPageTest<br>Test method: Subcontractors Page:Default State Value Test</td>
<td></td>
<td>6</td>
<td>testcases.SubcontractorPageTest@3632be31</td></tr>
<tr>
<td title='testcases.SubcontractorPageTest.ExistingAddress()'><b>ExistingAddress</b><br>Test class: testcases.SubcontractorPageTest<br>Test method: Subcontractors Page:Existing Address Value Test</td>
<td></td>
<td>6</td>
<td>testcases.SubcontractorPageTest@3632be31</td></tr>
<tr>
<td title='testcases.SubcontractorPageTest.FirstTab()'><b>FirstTab</b><br>Test class: testcases.SubcontractorPageTest<br>Test method: Subcontractors Page: ADD SUBCONTRACTOR / SUPPLIER Tab Name Test</td>
<td></td>
<td>2</td>
<td>testcases.SubcontractorPageTest@3632be31</td></tr>
<tr>
<td title='testcases.SubcontractorPageTest.PageTitle()'><b>PageTitle</b><br>Test class: testcases.SubcontractorPageTest<br>Test method: Subcontractors Page: Page Title Test</td>
<td></td>
<td>1</td>
<td>testcases.SubcontractorPageTest@3632be31</td></tr>
<tr>
<td title='testcases.SubcontractorPageTest.ResetInstruction()'><b>ResetInstruction</b><br>Test class: testcases.SubcontractorPageTest<br>Test method: Contacts Page-Sub Contacts: Reset Instruction Test</td>
<td></td>
<td>25</td>
<td>testcases.SubcontractorPageTest@3632be31</td></tr>
<tr>
<td title='testcases.SubcontractorPageTest.SecondTab()'><b>SecondTab</b><br>Test class: testcases.SubcontractorPageTest<br>Test method: Subcontractors Page: Validate Employees Tab Name Test</td>
<td></td>
<td>5</td>
<td>testcases.SubcontractorPageTest@3632be31</td></tr>
<tr>
<td title='testcases.SubcontractorPageTest.SubcontractorViewImageVerification()'><b>SubcontractorViewImageVerification</b><br>Test class: testcases.SubcontractorPageTest<br>Test method: Subcontractors Page: Subcontractor view Image Verification</td>
<td></td>
<td>34</td>
<td>testcases.SubcontractorPageTest@3632be31</td></tr>
<tr>
<td title='testcases.SubcontractorPageTest.ThirdTab()'><b>ThirdTab</b><br>Test class: testcases.SubcontractorPageTest<br>Test method: Subcontractors Page: Import Existing Subs Tab Name Test</td>
<td></td>
<td>1</td>
<td>testcases.SubcontractorPageTest@3632be31</td></tr>
<tr>
<td title='testcases.SubcontractorPageTest.VerifyCreatedEmail()'><b>VerifyCreatedEmail</b><br>Test class: testcases.SubcontractorPageTest<br>Test method: Contacts Page-Sub Contacts: Users Email Value Test</td>
<td></td>
<td>24</td>
<td>testcases.SubcontractorPageTest@3632be31</td></tr>
<tr>
<td title='testcases.SubcontractorPageTest.VerifyCreatedUserName()'><b>VerifyCreatedUserName</b><br>Test class: testcases.SubcontractorPageTest<br>Test method: Contacts Page-Sub Contacts: Users Name Value Test</td>
<td></td>
<td>36</td>
<td>testcases.SubcontractorPageTest@3632be31</td></tr>
<tr>
<td title='testcases.SubcontractorPageTest.VerifyFeatures()'><b>VerifyFeatures</b><br>Test class: testcases.SubcontractorPageTest<br>Test method: Contacts Page-Sub Contacts: Features Value Test</td>
<td></td>
<td>25</td>
<td>testcases.SubcontractorPageTest@3632be31</td></tr>
<tr>
<td title='testcases.SubcontractorPageTest.VerifyReadOnlyCase()'><b>VerifyReadOnlyCase</b><br>Test class: testcases.SubcontractorPageTest<br>Test method: Contacts Page-Sub Contacts: Read Only Value Test</td>
<td></td>
<td>22</td>
<td>testcases.SubcontractorPageTest@3632be31</td></tr>
<tr>
<td title='testcases.SubcontractorPageTest.VerifyReportsSettings()'><b>VerifyReportsSettings</b><br>Test class: testcases.SubcontractorPageTest<br>Test method: Contacts Page-Sub Contacts: Reports Value Test</td>
<td></td>
<td>27</td>
<td>testcases.SubcontractorPageTest@3632be31</td></tr>
<tr>
<td title='testcases.SubcontractorPageTest.VerifyWorkCodePreselected()'><b>VerifyWorkCodePreselected</b><br>Test class: testcases.SubcontractorPageTest<br>Test method: Subcontractor Page: Work Codes selected Value Test</td>
<td></td>
<td>26</td>
<td>testcases.SubcontractorPageTest@3632be31</td></tr>
</table><p>
</body>
</html>