<?xml version="1.0" encoding="UTF-8"?>
<!-- Generated by org.testng.reporters.JUnitXMLReporter -->
<testsuite hostname="test" name="InSightTest Test 4" tests="13" failures="3" timestamp="22 Jul 2021 06:27:23 GMT" time="467.9" errors="0">
  <testcase name="PageTitle" time="0.665" classname="testcases.SubcontractorPageTest"/>
  <testcase name="FirstTab" time="0.542" classname="testcases.SubcontractorPageTest"/>
  <testcase name="SecondTab" time="0.753" classname="testcases.SubcontractorPageTest"/>
  <testcase name="ThirdTab" time="0.61" classname="testcases.SubcontractorPageTest"/>
  <testcase name="ContractorsPrime" time="1.395" classname="testcases.SubcontractorPageTest">
    <failure type="java.lang.AssertionError" message="Tab Name is not matching expected [Clark: 123456789908] but found []">
      <![CDATA[java.lang.AssertionError: Tab Name is not matching expected [Clark: 123456789908] but found []
	at testcases.SubcontractorPageTest.ContractorsPrime(SubcontractorPageTest.java:79)
	at java.util.concurrent.FutureTask.run(Unknown Source)
	at java.util.concurrent.ThreadPoolExecutor.runWorker(Unknown Source)
	at java.util.concurrent.ThreadPoolExecutor$Worker.run(Unknown Source)
	at java.lang.Thread.run(Unknown Source)
... Removed 20 stack frames]]>
    </failure>
  </testcase> <!-- ContractorsPrime -->
  <testcase name="VerifyCreatedEmail" time="6.715" classname="testcases.SubcontractorPageTest">
    <failure type="java.lang.AssertionError" message="expected [tier1subcontractor@orchid-software.com] but found [tier1subuser@orchid-software.com]">
      <![CDATA[java.lang.AssertionError: expected [tier1subcontractor@orchid-software.com] but found [tier1subuser@orchid-software.com]
	at testcases.SubcontractorPageTest.VerifyCreatedEmail(SubcontractorPageTest.java:129)
	at java.util.concurrent.FutureTask.run(Unknown Source)
	at java.util.concurrent.ThreadPoolExecutor.runWorker(Unknown Source)
	at java.util.concurrent.ThreadPoolExecutor$Worker.run(Unknown Source)
	at java.lang.Thread.run(Unknown Source)
... Removed 21 stack frames]]>
    </failure>
  </testcase> <!-- VerifyCreatedEmail -->
  <testcase name="AddNewSubcontractor" time="4.46" classname="testcases.SubcontractorPageTest">
    <failure type="org.openqa.selenium.StaleElementReferenceException" message="stale element reference: element is not attached to the page document
  (Session info: chrome=91.0.4472.164)
For documentation on this error, please visit: https://www.seleniumhq.org/exceptions/stale_element_reference.html
Build info: version: &amp;apos;3.141.59&amp;apos;, revision: &amp;apos;e82be7d358&amp;apos;, time: &amp;apos;2018-11-14T08:17:03&amp;apos;
System info: host: &amp;apos;TEST&amp;apos;, ip: &amp;apos;192.168.43.8&amp;apos;, os.name: &amp;apos;Windows 8.1&amp;apos;, os.arch: &amp;apos;amd64&amp;apos;, os.version: &amp;apos;6.3&amp;apos;, java.version: &amp;apos;1.8.0_51&amp;apos;
Driver info: org.openqa.selenium.chrome.ChromeDriver
Capabilities {acceptInsecureCerts: false, browserName: chrome, browserVersion: 91.0.4472.164, chrome: {chromedriverVersion: 90.0.4430.24 (4c6d850f087da..., userDataDir: C:\Users\prince\AppData\Loc...}, goog:chromeOptions: {debuggerAddress: localhost:61815}, javascriptEnabled: true, networkConnectionEnabled: false, pageLoadStrategy: normal, platform: WINDOWS, platformName: WINDOWS, proxy: Proxy(), setWindowRect: true, strictFileInteractability: false, timeouts: {implicit: 0, pageLoad: 300000, script: 30000}, unhandledPromptBehavior: dismiss and notify, webauthn:extension:largeBlob: true, webauthn:virtualAuthenticators: true}
Session ID: bbd46cf6f81972ec00f87238bebb3c66">
      <![CDATA[org.openqa.selenium.StaleElementReferenceException: stale element reference: element is not attached to the page document
  (Session info: chrome=91.0.4472.164)
For documentation on this error, please visit: https://www.seleniumhq.org/exceptions/stale_element_reference.html
Build info: version: '3.141.59', revision: 'e82be7d358', time: '2018-11-14T08:17:03'
System info: host: 'TEST', ip: '192.168.43.8', os.name: 'Windows 8.1', os.arch: 'amd64', os.version: '6.3', java.version: '1.8.0_51'
Driver info: org.openqa.selenium.chrome.ChromeDriver
Capabilities {acceptInsecureCerts: false, browserName: chrome, browserVersion: 91.0.4472.164, chrome: {chromedriverVersion: 90.0.4430.24 (4c6d850f087da..., userDataDir: C:\Users\prince\AppData\Loc...}, goog:chromeOptions: {debuggerAddress: localhost:61815}, javascriptEnabled: true, networkConnectionEnabled: false, pageLoadStrategy: normal, platform: WINDOWS, platformName: WINDOWS, proxy: Proxy(), setWindowRect: true, strictFileInteractability: false, timeouts: {implicit: 0, pageLoad: 300000, script: 30000}, unhandledPromptBehavior: dismiss and notify, webauthn:extension:largeBlob: true, webauthn:virtualAuthenticators: true}
Session ID: bbd46cf6f81972ec00f87238bebb3c66
	at org.openqa.selenium.remote.http.W3CHttpResponseCodec.createException(W3CHttpResponseCodec.java:187)
	at org.openqa.selenium.remote.http.W3CHttpResponseCodec.decode(W3CHttpResponseCodec.java:122)
	at org.openqa.selenium.remote.http.W3CHttpResponseCodec.decode(W3CHttpResponseCodec.java:49)
	at org.openqa.selenium.remote.HttpCommandExecutor.execute(HttpCommandExecutor.java:158)
	at org.openqa.selenium.remote.service.DriverCommandExecutor.execute(DriverCommandExecutor.java:83)
	at org.openqa.selenium.remote.RemoteWebDriver.execute(RemoteWebDriver.java:552)
	at org.openqa.selenium.remote.RemoteWebElement.execute(RemoteWebElement.java:285)
	at org.openqa.selenium.remote.RemoteWebElement.click(RemoteWebElement.java:84)
	at org.openqa.selenium.support.events.EventFiringWebDriver$EventFiringWebElement.lambda$new$0(EventFiringWebDriver.java:404)
	at org.openqa.selenium.support.events.EventFiringWebDriver$EventFiringWebElement$$Lambda$210/1471673663.invoke(Unknown Source)
	at com.sun.proxy.$Proxy14.click(Unknown Source)
	at org.openqa.selenium.support.events.EventFiringWebDriver$EventFiringWebElement.click(EventFiringWebDriver.java:417)
	at org.openqa.selenium.support.pagefactory.internal.LocatingElementHandler.invoke(LocatingElementHandler.java:51)
	at com.sun.proxy.$Proxy13.click(Unknown Source)
	at pages.SubcontractorPage.AddNewSubcontractor(SubcontractorPage.java:257)
	at testcases.SubcontractorPageTest.AddNewSubcontractor(SubcontractorPageTest.java:99)
	at java.util.concurrent.FutureTask.run(Unknown Source)
	at java.util.concurrent.ThreadPoolExecutor.runWorker(Unknown Source)
	at java.util.concurrent.ThreadPoolExecutor$Worker.run(Unknown Source)
	at java.lang.Thread.run(Unknown Source)
... Removed 26 stack frames]]>
    </failure>
  </testcase> <!-- AddNewSubcontractor -->
  <testcase name="AddNewContacts" time="35.236" classname="testcases.SubcontractorPageTest"/>
  <testcase name="ResetInstruction" time="8.941" classname="testcases.SubcontractorPageTest"/>
  <testcase name="VerifyCreatedUserName" time="6.32" classname="testcases.SubcontractorPageTest"/>
  <testcase name="VerifyFeatures" time="7.545" classname="testcases.SubcontractorPageTest"/>
  <testcase name="VerifyReadOnlyCase" time="7.505" classname="testcases.SubcontractorPageTest"/>
  <testcase name="VerifyReportsSettings" time="7.234" classname="testcases.SubcontractorPageTest"/>
</testsuite> <!-- InSightTest Test 4 -->
