<?xml version="1.0" encoding="UTF-8"?>
<!-- Generated by org.testng.reporters.JUnitXMLReporter -->
<testsuite hostname="test" name="InSightTest Test Cases4" tests="24" failures="1" timestamp="1 Dec 2021 12:53:40 GMT" time="986.13" errors="0">
  <testcase name="PageTitle" time="1.706" classname="testcases.SubcontractorPageTest"/>
  <testcase name="FirstTab" time="2.008" classname="testcases.SubcontractorPageTest"/>
  <testcase name="SecondTab" time="5.916" classname="testcases.SubcontractorPageTest"/>
  <testcase name="ThirdTab" time="1.413" classname="testcases.SubcontractorPageTest"/>
  <testcase name="SubcontractorViewImageVerification" time="34.832" classname="testcases.SubcontractorPageTest"/>
  <testcase name="ContractorsPrime" time="27.506" classname="testcases.SubcontractorPageTest"/>
  <testcase name="DefaultContractorType" time="6.456" classname="testcases.SubcontractorPageTest"/>
  <testcase name="DefaultEthnicity" time="7.162" classname="testcases.SubcontractorPageTest"/>
  <testcase name="DefaultGender" time="9.968" classname="testcases.SubcontractorPageTest"/>
  <testcase name="ExistingAddress" time="6.335" classname="testcases.SubcontractorPageTest"/>
  <testcase name="DefaultCountry" time="9.542" classname="testcases.SubcontractorPageTest"/>
  <testcase name="DefaultState" time="6.68" classname="testcases.SubcontractorPageTest"/>
  <testcase name="DefaultAddressType" time="8.808" classname="testcases.SubcontractorPageTest"/>
  <testcase name="DefaultAddressbutton1" time="6.919" classname="testcases.SubcontractorPageTest"/>
  <testcase name="DefaultAddressbutton2" time="8.468" classname="testcases.SubcontractorPageTest"/>
  <testcase name="AddNewSubcontractor" time="157.65" classname="testcases.SubcontractorPageTest"/>
  <testcase name="AddSubcontracorDropdownVerification" time="7.075" classname="testcases.SubcontractorPageTest">
    <failure type="org.openqa.selenium.StaleElementReferenceException" message="stale element reference: element is not attached to the page document
  (Session info: chrome=96.0.4664.45)
For documentation on this error, please visit: https://www.seleniumhq.org/exceptions/stale_element_reference.html
Build info: version: &amp;apos;3.141.59&amp;apos;, revision: &amp;apos;e82be7d358&amp;apos;, time: &amp;apos;2018-11-14T08:17:03&amp;apos;
System info: host: &amp;apos;TEST&amp;apos;, ip: &amp;apos;192.168.38.8&amp;apos;, os.name: &amp;apos;Windows 8.1&amp;apos;, os.arch: &amp;apos;amd64&amp;apos;, os.version: &amp;apos;6.3&amp;apos;, java.version: &amp;apos;1.8.0_51&amp;apos;
Driver info: org.openqa.selenium.chrome.ChromeDriver
Capabilities {acceptInsecureCerts: false, browserName: chrome, browserVersion: 96.0.4664.45, chrome: {chromedriverVersion: 96.0.4664.45 (76e4c1bb2ab46..., userDataDir: C:\Users\prince\AppData\Loc...}, goog:chromeOptions: {debuggerAddress: localhost:62965}, javascriptEnabled: true, networkConnectionEnabled: false, pageLoadStrategy: normal, platform: WINDOWS, platformName: WINDOWS, proxy: Proxy(), setWindowRect: true, strictFileInteractability: false, timeouts: {implicit: 0, pageLoad: 300000, script: 30000}, unhandledPromptBehavior: dismiss and notify, webauthn:extension:credBlob: true, webauthn:extension:largeBlob: true, webauthn:virtualAuthenticators: true}
Session ID: 9444e0df60bfd9cabb4cda2ac4552757">
      <![CDATA[org.openqa.selenium.StaleElementReferenceException: stale element reference: element is not attached to the page document
  (Session info: chrome=96.0.4664.45)
For documentation on this error, please visit: https://www.seleniumhq.org/exceptions/stale_element_reference.html
Build info: version: '3.141.59', revision: 'e82be7d358', time: '2018-11-14T08:17:03'
System info: host: 'TEST', ip: '192.168.38.8', os.name: 'Windows 8.1', os.arch: 'amd64', os.version: '6.3', java.version: '1.8.0_51'
Driver info: org.openqa.selenium.chrome.ChromeDriver
Capabilities {acceptInsecureCerts: false, browserName: chrome, browserVersion: 96.0.4664.45, chrome: {chromedriverVersion: 96.0.4664.45 (76e4c1bb2ab46..., userDataDir: C:\Users\prince\AppData\Loc...}, goog:chromeOptions: {debuggerAddress: localhost:62965}, javascriptEnabled: true, networkConnectionEnabled: false, pageLoadStrategy: normal, platform: WINDOWS, platformName: WINDOWS, proxy: Proxy(), setWindowRect: true, strictFileInteractability: false, timeouts: {implicit: 0, pageLoad: 300000, script: 30000}, unhandledPromptBehavior: dismiss and notify, webauthn:extension:credBlob: true, webauthn:extension:largeBlob: true, webauthn:virtualAuthenticators: true}
Session ID: 9444e0df60bfd9cabb4cda2ac4552757
	at org.openqa.selenium.remote.http.W3CHttpResponseCodec.createException(W3CHttpResponseCodec.java:187)
	at org.openqa.selenium.remote.http.W3CHttpResponseCodec.decode(W3CHttpResponseCodec.java:122)
	at org.openqa.selenium.remote.http.W3CHttpResponseCodec.decode(W3CHttpResponseCodec.java:49)
	at org.openqa.selenium.remote.HttpCommandExecutor.execute(HttpCommandExecutor.java:158)
	at org.openqa.selenium.remote.service.DriverCommandExecutor.execute(DriverCommandExecutor.java:83)
	at org.openqa.selenium.remote.RemoteWebDriver.execute(RemoteWebDriver.java:552)
	at org.openqa.selenium.remote.RemoteWebElement.execute(RemoteWebElement.java:285)
	at org.openqa.selenium.remote.RemoteWebElement.click(RemoteWebElement.java:84)
	at org.openqa.selenium.support.events.EventFiringWebDriver$EventFiringWebElement.lambda$new$0(EventFiringWebDriver.java:404)
	at org.openqa.selenium.support.events.EventFiringWebDriver$EventFiringWebElement$$Lambda$212/643489709.invoke(Unknown Source)
	at com.sun.proxy.$Proxy14.click(Unknown Source)
	at org.openqa.selenium.support.events.EventFiringWebDriver$EventFiringWebElement.click(EventFiringWebDriver.java:417)
	at org.openqa.selenium.support.pagefactory.internal.LocatingElementHandler.invoke(LocatingElementHandler.java:51)
	at com.sun.proxy.$Proxy13.click(Unknown Source)
	at pages.SubcontractorPage.AddSubcontractorDDNVerification(SubcontractorPage.java:1150)
	at testcases.SubcontractorPageTest.AddSubcontracorDropdownVerification(SubcontractorPageTest.java:204)
... Removed 34 stack frames]]>
    </failure>
  </testcase> <!-- AddSubcontracorDropdownVerification -->
  <testcase name="ResetInstruction" time="25.793" classname="testcases.SubcontractorPageTest"/>
  <testcase name="VerifyCreatedUserName" time="36.594" classname="testcases.SubcontractorPageTest"/>
  <testcase name="VerifyCreatedEmail" time="24.092" classname="testcases.SubcontractorPageTest"/>
  <testcase name="VerifyFeatures" time="25.237" classname="testcases.SubcontractorPageTest"/>
  <testcase name="VerifyReadOnlyCase" time="22.6" classname="testcases.SubcontractorPageTest"/>
  <testcase name="VerifyReportsSettings" time="27.266" classname="testcases.SubcontractorPageTest"/>
  <testcase name="VerifyWorkCodePreselected" time="26.467" classname="testcases.SubcontractorPageTest"/>
</testsuite> <!-- InSightTest Test Cases4 -->
