<?xml version="1.0" encoding="UTF-8"?>
<!-- Generated by org.testng.reporters.JUnitReportReporter -->
<testsuite hostname="test" name="testcases.DetailsPageT1Test" tests="28" failures="1" timestamp="22 Mar 2022 15:08:39 GMT" time="1135.565" errors="0">
  <testcase name="EmployeeManagementPage" time="29.809" classname="testcases.DetailsPageT1Test"/>
  <testcase name="ScheduledStartDate" time="31.672" classname="testcases.DetailsPageT1Test"/>
  <testcase name="PayrollSchedulefield" time="35.161" classname="testcases.DetailsPageT1Test"/>
  <testcase name="SetupLink" time="34.132" classname="testcases.DetailsPageT1Test"/>
  <testcase name="CorporateAddressEffectiveDate" time="34.096" classname="testcases.DetailsPageT1Test"/>
  <testcase name="ValidateLaborStandardTab" time="35.640" classname="testcases.DetailsPageT1Test"/>
  <testcase name="ValidateAuthorizeToggle" time="40.689" classname="testcases.DetailsPageT1Test"/>
  <testcase name="AddNewbutton" time="42.790" classname="testcases.DetailsPageT1Test"/>
  <testcase name="CertificationImageVerification" time="42.247" classname="testcases.DetailsPageT1Test"/>
  <testcase name="ActualEndDate" time="34.948" classname="testcases.DetailsPageT1Test"/>
  <testcase name="CorporateAddressUpdatebutton" time="41.942" classname="testcases.DetailsPageT1Test"/>
  <testcase name="CorporateAddressCancelbutton" time="32.398" classname="testcases.DetailsPageT1Test"/>
  <testcase name="WorkCodePreselection" time="48.978" classname="testcases.DetailsPageT1Test">
    <failure type="org.openqa.selenium.NoSuchElementException" message="no such element: Unable to locate element: {&quot;method&quot;:&quot;xpath&quot;,&quot;selector&quot;:&quot;//*[contains(text(),&#039;11111 - Soybean Farming&#039;)]//preceding::input[1]&quot;}
  (Session info: chrome=99.0.4844.74)
For documentation on this error, please visit: https://www.seleniumhq.org/exceptions/no_such_element.html
Build info: version: &#039;3.141.59&#039;, revision: &#039;e82be7d358&#039;, time: &#039;2018-11-14T08:17:03&#039;
System info: host: &#039;TEST&#039;, ip: &#039;192.168.1.6&#039;, os.name: &#039;Windows 8.1&#039;, os.arch: &#039;amd64&#039;, os.version: &#039;6.3&#039;, java.version: &#039;1.8.0_51&#039;
Driver info: org.openqa.selenium.chrome.ChromeDriver
Capabilities {acceptInsecureCerts: false, browserName: chrome, browserVersion: 99.0.4844.74, chrome: {chromedriverVersion: 99.0.4844.51 (d537ec02474b5..., userDataDir: C:\Users\prince\AppData\Loc...}, goog:chromeOptions: {debuggerAddress: localhost:50366}, javascriptEnabled: true, networkConnectionEnabled: false, pageLoadStrategy: normal, platform: WINDOWS, platformName: WINDOWS, proxy: Proxy(), setWindowRect: true, strictFileInteractability: false, timeouts: {implicit: 0, pageLoad: 300000, script: 30000}, unhandledPromptBehavior: dismiss and notify, webauthn:extension:credBlob: true, webauthn:extension:largeBlob: true, webauthn:virtualAuthenticators: true}
Session ID: 9b288664fa2bce3acb6fee01003c869c
*** Element info: {Using=xpath, value=//*[contains(text(),&#039;11111 - Soybean Farming&#039;)]//preceding::input[1]}">
      <![CDATA[org.openqa.selenium.NoSuchElementException: no such element: Unable to locate element: {"method":"xpath","selector":"//*[contains(text(),'11111 - Soybean Farming')]//preceding::input[1]"}
  (Session info: chrome=99.0.4844.74)
For documentation on this error, please visit: https://www.seleniumhq.org/exceptions/no_such_element.html
Build info: version: '3.141.59', revision: 'e82be7d358', time: '2018-11-14T08:17:03'
System info: host: 'TEST', ip: '192.168.1.6', os.name: 'Windows 8.1', os.arch: 'amd64', os.version: '6.3', java.version: '1.8.0_51'
Driver info: org.openqa.selenium.chrome.ChromeDriver
Capabilities {acceptInsecureCerts: false, browserName: chrome, browserVersion: 99.0.4844.74, chrome: {chromedriverVersion: 99.0.4844.51 (d537ec02474b5..., userDataDir: C:\Users\prince\AppData\Loc...}, goog:chromeOptions: {debuggerAddress: localhost:50366}, javascriptEnabled: true, networkConnectionEnabled: false, pageLoadStrategy: normal, platform: WINDOWS, platformName: WINDOWS, proxy: Proxy(), setWindowRect: true, strictFileInteractability: false, timeouts: {implicit: 0, pageLoad: 300000, script: 30000}, unhandledPromptBehavior: dismiss and notify, webauthn:extension:credBlob: true, webauthn:extension:largeBlob: true, webauthn:virtualAuthenticators: true}
Session ID: 9b288664fa2bce3acb6fee01003c869c
*** Element info: {Using=xpath, value=//*[contains(text(),'11111 - Soybean Farming')]//preceding::input[1]}
	at sun.reflect.NativeConstructorAccessorImpl.newInstance0(Native Method)
	at sun.reflect.NativeConstructorAccessorImpl.newInstance(Unknown Source)
	at sun.reflect.DelegatingConstructorAccessorImpl.newInstance(Unknown Source)
	at java.lang.reflect.Constructor.newInstance(Unknown Source)
	at org.openqa.selenium.remote.http.W3CHttpResponseCodec.createException(W3CHttpResponseCodec.java:187)
	at org.openqa.selenium.remote.http.W3CHttpResponseCodec.decode(W3CHttpResponseCodec.java:122)
	at org.openqa.selenium.remote.http.W3CHttpResponseCodec.decode(W3CHttpResponseCodec.java:49)
	at org.openqa.selenium.remote.HttpCommandExecutor.execute(HttpCommandExecutor.java:158)
	at org.openqa.selenium.remote.service.DriverCommandExecutor.execute(DriverCommandExecutor.java:83)
	at org.openqa.selenium.remote.RemoteWebDriver.execute(RemoteWebDriver.java:552)
	at org.openqa.selenium.remote.RemoteWebDriver.findElement(RemoteWebDriver.java:323)
	at org.openqa.selenium.remote.RemoteWebDriver.findElementByXPath(RemoteWebDriver.java:428)
	at org.openqa.selenium.By$ByXPath.findElement(By.java:353)
	at org.openqa.selenium.remote.RemoteWebDriver.findElement(RemoteWebDriver.java:315)
	at sun.reflect.GeneratedMethodAccessor2.invoke(Unknown Source)
	at sun.reflect.DelegatingMethodAccessorImpl.invoke(Unknown Source)
	at java.lang.reflect.Method.invoke(Unknown Source)
	at org.openqa.selenium.support.events.EventFiringWebDriver.lambda$new$1(EventFiringWebDriver.java:105)
	at org.openqa.selenium.support.events.EventFiringWebDriver$$Lambda$219/16148478.invoke(Unknown Source)
	at com.sun.proxy.$Proxy8.findElement(Unknown Source)
	at org.openqa.selenium.support.events.EventFiringWebDriver.findElement(EventFiringWebDriver.java:194)
	at pages.DetailsPageT1.ValidatePreselectedWorkCodes(DetailsPageT1.java:520)
	at testcases.DetailsPageT1Test.WorkCodePreselection(DetailsPageT1Test.java:297)
	at sun.reflect.NativeMethodAccessorImpl.invoke0(Native Method)
	at sun.reflect.NativeMethodAccessorImpl.invoke(Unknown Source)
	at sun.reflect.DelegatingMethodAccessorImpl.invoke(Unknown Source)
	at java.lang.reflect.Method.invoke(Unknown Source)
	at org.testng.internal.MethodInvocationHelper.invokeMethod(MethodInvocationHelper.java:80)
	at org.testng.internal.Invoker.invokeMethod(Invoker.java:714)
	at org.testng.internal.Invoker.invokeTestMethod(Invoker.java:901)
	at org.testng.internal.Invoker.invokeTestMethods(Invoker.java:1231)
	at org.testng.internal.TestMethodWorker.invokeTestMethods(TestMethodWorker.java:127)
	at org.testng.internal.TestMethodWorker.run(TestMethodWorker.java:111)
	at org.testng.TestRunner.privateRun(TestRunner.java:767)
	at org.testng.TestRunner.run(TestRunner.java:617)
	at org.testng.SuiteRunner.runTest(SuiteRunner.java:334)
	at org.testng.SuiteRunner.runSequentially(SuiteRunner.java:329)
	at org.testng.SuiteRunner.privateRun(SuiteRunner.java:291)
	at org.testng.SuiteRunner.run(SuiteRunner.java:240)
	at org.testng.SuiteRunnerWorker.runSuite(SuiteRunnerWorker.java:52)
	at org.testng.SuiteRunnerWorker.run(SuiteRunnerWorker.java:86)
	at org.testng.TestNG.runSuitesSequentially(TestNG.java:1198)
	at org.testng.TestNG.runSuitesLocally(TestNG.java:1123)
	at org.testng.TestNG.run(TestNG.java:1031)
	at org.testng.remote.AbstractRemoteTestNG.run(AbstractRemoteTestNG.java:115)
	at org.testng.remote.RemoteTestNG.initAndRun(RemoteTestNG.java:251)
	at org.testng.remote.RemoteTestNG.main(RemoteTestNG.java:77)
]]>
    </failure>
  </testcase> <!-- WorkCodePreselection -->
  <testcase name="Cancelbutton" time="36.694" classname="testcases.DetailsPageT1Test"/>
  <testcase name="ActualStartDate" time="38.697" classname="testcases.DetailsPageT1Test"/>
  <testcase name="DetailsPageT1DropdownVerification" time="138.025" classname="testcases.DetailsPageT1Test"/>
  <testcase name="PayrollEndDay" time="41.651" classname="testcases.DetailsPageT1Test"/>
  <testcase name="ValidateCertificationTab" time="34.166" classname="testcases.DetailsPageT1Test"/>
  <testcase name="Savebutton" time="37.740" classname="testcases.DetailsPageT1Test"/>
  <testcase name="TotalContractHours" time="43.677" classname="testcases.DetailsPageT1Test"/>
  <testcase name="TotalContractAmount" time="31.423" classname="testcases.DetailsPageT1Test"/>
  <testcase name="AddressType2" time="30.701" classname="testcases.DetailsPageT1Test"/>
  <testcase name="CorporateAddressCountry" time="32.769" classname="testcases.DetailsPageT1Test"/>
  <testcase name="ValidateConfigurationTab" time="35.024" classname="testcases.DetailsPageT1Test"/>
  <testcase name="LaborStandardImageVerification" time="36.659" classname="testcases.DetailsPageT1Test"/>
  <testcase name="CorporateAddressState" time="46.812" classname="testcases.DetailsPageT1Test"/>
  <testcase name="CorporateAddressZipCode" time="34.122" classname="testcases.DetailsPageT1Test"/>
  <testcase name="ScheduledEndDate" time="32.903" classname="testcases.DetailsPageT1Test"/>
</testsuite> <!-- testcases.DetailsPageT1Test -->
